Determining if the pthread_create exist failed with the following output:
Change Dir: /home/ix1/catkin_ws/src/location_monitor/build/catkin_tools_prebuild/CMakeFiles/CMakeTmp

Run Build Command:"/usr/bin/make" "cmTC_49f0b/fast"
/usr/bin/make -f CMakeFiles/cmTC_49f0b.dir/build.make CMakeFiles/cmTC_49f0b.dir/build
make[1]: Entering directory '/home/ix1/catkin_ws/src/location_monitor/build/catkin_tools_prebuild/CMakeFiles/CMakeTmp'
Building C object CMakeFiles/cmTC_49f0b.dir/CheckSymbolExists.c.o
/usr/bin/cc    -o CMakeFiles/cmTC_49f0b.dir/CheckSymbolExists.c.o   -c /home/ix1/catkin_ws/src/location_monitor/build/catkin_tools_prebuild/CMakeFiles/CMakeTmp/CheckSymbolExists.c
Linking C executable cmTC_49f0b
/usr/bin/cmake -E cmake_link_script CMakeFiles/cmTC_49f0b.dir/link.txt --verbose=1
/usr/bin/cc      -rdynamic CMakeFiles/cmTC_49f0b.dir/CheckSymbolExists.c.o  -o cmTC_49f0b 
CMakeFiles/cmTC_49f0b.dir/CheckSymbolExists.c.o: In function `main':
CheckSymbolExists.c:(.text+0x1b): undefined reference to `pthread_create'
collect2: error: ld returned 1 exit status
CMakeFiles/cmTC_49f0b.dir/build.make:97: recipe for target 'cmTC_49f0b' failed
make[1]: *** [cmTC_49f0b] Error 1
make[1]: Leaving directory '/home/ix1/catkin_ws/src/location_monitor/build/catkin_tools_prebuild/CMakeFiles/CMakeTmp'
Makefile:126: recipe for target 'cmTC_49f0b/fast' failed
make: *** [cmTC_49f0b/fast] Error 2

File /home/ix1/catkin_ws/src/location_monitor/build/catkin_tools_prebuild/CMakeFiles/CMakeTmp/CheckSymbolExists.c:
/* */
#include <pthread.h>

int main(int argc, char** argv)
{
  (void)argv;
#ifndef pthread_create
  return ((int*)(&pthread_create))[argc];
#else
  (void)argc;
  return 0;
#endif
}

Determining if the function pthread_create exists in the pthreads failed with the following output:
Change Dir: /home/ix1/catkin_ws/src/location_monitor/build/catkin_tools_prebuild/CMakeFiles/CMakeTmp

Run Build Command:"/usr/bin/make" "cmTC_fac01/fast"
/usr/bin/make -f CMakeFiles/cmTC_fac01.dir/build.make CMakeFiles/cmTC_fac01.dir/build
make[1]: Entering directory '/home/ix1/catkin_ws/src/location_monitor/build/catkin_tools_prebuild/CMakeFiles/CMakeTmp'
Building C object CMakeFiles/cmTC_fac01.dir/CheckFunctionExists.c.o
/usr/bin/cc   -DCHECK_FUNCTION_EXISTS=pthread_create   -o CMakeFiles/cmTC_fac01.dir/CheckFunctionExists.c.o   -c /usr/share/cmake-3.10/Modules/CheckFunctionExists.c
Linking C executable cmTC_fac01
/usr/bin/cmake -E cmake_link_script CMakeFiles/cmTC_fac01.dir/link.txt --verbose=1
/usr/bin/cc  -DCHECK_FUNCTION_EXISTS=pthread_create    -rdynamic CMakeFiles/cmTC_fac01.dir/CheckFunctionExists.c.o  -o cmTC_fac01 -lpthreads 
/usr/bin/ld: cannot find -lpthreads
collect2: error: ld returned 1 exit status
CMakeFiles/cmTC_fac01.dir/build.make:97: recipe for target 'cmTC_fac01' failed
make[1]: *** [cmTC_fac01] Error 1
make[1]: Leaving directory '/home/ix1/catkin_ws/src/location_monitor/build/catkin_tools_prebuild/CMakeFiles/CMakeTmp'
Makefile:126: recipe for target 'cmTC_fac01/fast' failed
make: *** [cmTC_fac01/fast] Error 2


